<?xml version="1.0" encoding="UTF-8"?>
<!-- Generated by org.testng.reporters.JUnitReportReporter -->
<testsuite hostname="DESKTOP-DAL8TCK" failures="0" tests="2" name="scripts.TC3" time="0.011" errors="0" timestamp="2024-07-25T21:03:16 IST" skipped="0">
  <testcase classname="scripts.TC3" name="testLogin1" time="0.010"/>
  <testcase classname="scripts.TC3" name="testLogout2" time="0.001"/>
</testsuite> <!-- scripts.TC3 -->
