<?xml version="1.0" encoding="UTF-8"?>
<!-- Generated by org.testng.reporters.JUnitReportReporter -->
<testsuite hostname="DESKTOP-DAL8TCK" failures="0" tests="1" name="scripts.TC1" time="2.983" errors="0" timestamp="2024-07-10T11:58:39 IST" skipped="0">
  <testcase classname="scripts.TC1" name="test1" time="2.983"/>
</testsuite> <!-- scripts.TC1 -->
