<?xml version="1.0" encoding="UTF-8"?>
<!-- Generated by org.testng.reporters.JUnitReportReporter -->
<testsuite hostname="DESKTOP-DAL8TCK" failures="0" tests="1" name="scripts.ValidLogin" time="3.077" errors="0" timestamp="2024-07-26T11:07:36 IST" skipped="0">
  <testcase classname="scripts.ValidLogin" name="testValidLogin" time="3.077">
    <system-out>
      <![CDATA[Homepage is displayed]]>
    </system-out>
  </testcase> <!-- testValidLogin -->
  <system-out>
    <![CDATA[Homepage is displayed]]>
  </system-out>
</testsuite> <!-- scripts.ValidLogin -->
