<?xml version="1.0" encoding="UTF-8"?>
<!-- Generated by org.testng.reporters.JUnitReportReporter -->
<testsuite hostname="DESKTOP-DAL8TCK" failures="0" tests="1" name="scripts.InvalidLogin" time="2.594" errors="0" timestamp="2024-07-26T14:06:23 IST" skipped="0">
  <testcase classname="scripts.InvalidLogin" name="testInvalidLogin" time="2.594">
    <system-out>
      <![CDATA[Error message is displayed]]>
    </system-out>
  </testcase> <!-- testInvalidLogin -->
  <system-out>
    <![CDATA[Error message is displayed]]>
  </system-out>
</testsuite> <!-- scripts.InvalidLogin -->
