<?xml version="1.0" encoding="UTF-8"?>
<!-- Generated by org.testng.reporters.JUnitReportReporter -->
<testsuite hostname="DESKTOP-DAL8TCK" failures="0" tests="1" name="scripts.TC2" time="2.982" errors="0" timestamp="2024-07-06T13:21:02 IST" skipped="0">
  <testcase classname="scripts.TC2" name="test2" time="2.982"/>
</testsuite> <!-- scripts.TC2 -->
